<?xml version="1.0" encoding="UTF-8"?>
<!-- Generated by org.testng.reporters.JUnitReportReporter -->
<testsuite skipped="4" hostname="sss-ПК" name="by.htp.testng.study.NewTest" tests="5" failures="0" timestamp="14 дек 2017 20:48:27 GMT" time="6.487" errors="0">
  <testcase name="Test6" time="6.487" classname="by.htp.testng.study.NewTest"/>
  <testcase name="test4" classname="by.htp.testng.study.NewTest">
    <skipped/>
  </testcase> <!-- test4 -->
  <testcase name="test2" classname="by.htp.testng.study.NewTest">
    <skipped/>
  </testcase> <!-- test2 -->
  <testcase name="test1" classname="by.htp.testng.study.NewTest">
    <skipped/>
  </testcase> <!-- test1 -->
  <testcase name="Test5" classname="by.htp.testng.study.NewTest">
    <skipped/>
  </testcase> <!-- Test5 -->
</testsuite> <!-- by.htp.testng.study.NewTest -->
